# JRE version: OpenJDK Runtime Environment JBR-11.0.9.1.11-1145.63-jcef (11.0.9.1+11) (build 11.0.9.1+11-b1145.63)
# Java VM: OpenJDK 64-Bit Server VM JBR-11.0.9.1.11-1145.63-jcef (11.0.9.1+11-b1145.63, mixed mode, tiered, compressed oops, g1 gc, windows-amd64)
Heap:
 garbage-first heap   total 131072K, used 4445K [0x0000000080000000, 0x0000000100000000)
  region size 1024K, 2 young (2048K), 0 survivors (0K)
 Metaspace       used 16313K, capacity 16621K, committed 17408K, reserved 1064960K
  class space    used 1448K, capacity 1539K, committed 1792K, reserved 1048576K
GC Heap History (20 events):
Event: 23548.388 GC heap before
{Heap before GC invocations=8 (full 5):
 garbage-first heap   total 131072K, used 10652K [0x0000000080000000, 0x0000000100000000)
  region size 1024K, 8 young (8192K), 0 survivors (0K)
 Metaspace       used 16301K, capacity 16627K, committed 17408K, reserved 1064960K
  class space    used 1448K, capacity 1540K, committed 1792K, reserved 1048576K
}
Event: 23548.396 GC heap after
{Heap after GC invocations=9 (full 6):
 garbage-first heap   total 131072K, used 3403K [0x0000000080000000, 0x0000000100000000)
  region size 1024K, 0 young (0K), 0 survivors (0K)
 Metaspace       used 16297K, capacity 16621K, committed 17408K, reserved 1064960K
  class space    used 1448K, capacity 1539K, committed 1792K, reserved 1048576K
}
Event: 27148.397 GC heap before
{Heap before GC invocations=9 (full 6):
 garbage-first heap   total 131072K, used 9547K [0x0000000080000000, 0x0000000100000000)
  region size 1024K, 7 young (7168K), 0 survivors (0K)
 Metaspace       used 16301K, capacity 16621K, committed 17408K, reserved 1064960K
  class space    used 1448K, capacity 1539K, committed 1792K, reserved 1048576K
}
Event: 27148.404 GC heap after
{Heap after GC invocations=10 (full 7):
 garbage-first heap   total 131072K, used 3403K [0x0000000080000000, 0x0000000100000000)
  region size 1024K, 0 young (0K), 0 survivors (0K)
 Metaspace       used 16301K, capacity 16621K, committed 17408K, reserved 1064960K
  class space    used 1448K, capacity 1539K, committed 1792K, reserved 1048576K
}
Event: 30748.418 GC heap before
{Heap before GC invocations=10 (full 7):
 garbage-first heap   total 131072K, used 9547K [0x0000000080000000, 0x0000000100000000)
  region size 1024K, 7 young (7168K), 0 survivors (0K)
 Metaspace       used 16310K, capacity 16621K, committed 17408K, reserved 1064960K
  class space    used 1448K, capacity 1539K, committed 1792K, reserved 1048576K
}
Event: 30748.424 GC heap after
{Heap after GC invocations=11 (full 8):
 garbage-first heap   total 131072K, used 3403K [0x0000000080000000, 0x0000000100000000)
  region size 1024K, 0 young (0K), 0 survivors (0K)
 Metaspace       used 16310K, capacity 16621K, committed 17408K, reserved 1064960K
  class space    used 1448K, capacity 1539K, committed 1792K, reserved 1048576K
}
Event: 34348.427 GC heap before
{Heap before GC invocations=11 (full 8):
 garbage-first heap   total 131072K, used 9547K [0x0000000080000000, 0x0000000100000000)
  region size 1024K, 7 young (7168K), 0 survivors (0K)
 Metaspace       used 16312K, capacity 16621K, committed 17408K, reserved 1064960K
  class space    used 1448K, capacity 1539K, committed 1792K, reserved 1048576K
}
Event: 34348.434 GC heap after
{Heap after GC invocations=12 (full 9):
 garbage-first heap   total 131072K, used 3420K [0x0000000080000000, 0x0000000100000000)
  region size 1024K, 0 young (0K), 0 survivors (0K)
 Metaspace       used 16312K, capacity 16621K, committed 17408K, reserved 1064960K
  class space    used 1448K, capacity 1539K, committed 1792K, reserved 1048576K
}
Event: 37948.441 GC heap before
{Heap before GC invocations=12 (full 9):
 garbage-first heap   total 131072K, used 9564K [0x0000000080000000, 0x0000000100000000)
  region size 1024K, 7 young (7168K), 0 survivors (0K)
 Metaspace       used 16312K, capacity 16621K, committed 17408K, reserved 1064960K
  class space    used 1448K, capacity 1539K, committed 1792K, reserved 1048576K
}
Event: 37948.447 GC heap after
{Heap after GC invocations=13 (full 10):
 garbage-first heap   total 131072K, used 3420K [0x0000000080000000, 0x0000000100000000)
  region size 1024K, 0 young (0K), 0 survivors (0K)
 Metaspace       used 16312K, capacity 16621K, committed 17408K, reserved 1064960K
  class space    used 1448K, capacity 1539K, committed 1792K, reserved 1048576K
}
Event: 41548.454 GC heap before
{Heap before GC invocations=13 (full 10):
 garbage-first heap   total 131072K, used 9564K [0x0000000080000000, 0x0000000100000000)
  region size 1024K, 7 young (7168K), 0 survivors (0K)
 Metaspace       used 16313K, capacity 16621K, committed 17408K, reserved 1064960K
  class space    used 1448K, capacity 1539K, committed 1792K, reserved 1048576K
}
Event: 41548.459 GC heap after
{Heap after GC invocations=14 (full 11):
 garbage-first heap   total 131072K, used 3420K [0x0000000080000000, 0x0000000100000000)
  region size 1024K, 0 young (0K), 0 survivors (0K)
 Metaspace       used 16313K, capacity 16621K, committed 17408K, reserved 1064960K
  class space    used 1448K, capacity 1539K, committed 1792K, reserved 1048576K
}
Event: 45148.469 GC heap before
{Heap before GC invocations=14 (full 11):
 garbage-first heap   total 131072K, used 9564K [0x0000000080000000, 0x0000000100000000)
  region size 1024K, 7 young (7168K), 0 survivors (0K)
 Metaspace       used 16313K, capacity 16621K, committed 17408K, reserved 1064960K
  class space    used 1448K, capacity 1539K, committed 1792K, reserved 1048576K
}
Event: 45148.476 GC heap after
{Heap after GC invocations=15 (full 12):
 garbage-first heap   total 131072K, used 3420K [0x0000000080000000, 0x0000000100000000)
  region size 1024K, 0 young (0K), 0 survivors (0K)
 Metaspace       used 16313K, capacity 16621K, committed 17408K, reserved 1064960K
  class space    used 1448K, capacity 1539K, committed 1792K, reserved 1048576K
}
Event: 48748.476 GC heap before
{Heap before GC invocations=15 (full 12):
 garbage-first heap   total 131072K, used 9564K [0x0000000080000000, 0x0000000100000000)
  region size 1024K, 7 young (7168K), 0 survivors (0K)
 Metaspace       used 16313K, capacity 16621K, committed 17408K, reserved 1064960K
  class space    used 1448K, capacity 1539K, committed 1792K, reserved 1048576K
}
Event: 48748.482 GC heap after
{Heap after GC invocations=16 (full 13):
 garbage-first heap   total 131072K, used 3420K [0x0000000080000000, 0x0000000100000000)
  region size 1024K, 0 young (0K), 0 survivors (0K)
 Metaspace       used 16313K, capacity 16621K, committed 17408K, reserved 1064960K
  class space    used 1448K, capacity 1539K, committed 1792K, reserved 1048576K
}
Event: 52348.489 GC heap before
{Heap before GC invocations=16 (full 13):
 garbage-first heap   total 131072K, used 9564K [0x0000000080000000, 0x0000000100000000)
  region size 1024K, 7 young (7168K), 0 survivors (0K)
 Metaspace       used 16313K, capacity 16621K, committed 17408K, reserved 1064960K
  class space    used 1448K, capacity 1539K, committed 1792K, reserved 1048576K
}
Event: 52348.494 GC heap after
{Heap after GC invocations=17 (full 14):
 garbage-first heap   total 131072K, used 3421K [0x0000000080000000, 0x0000000100000000)
  region size 1024K, 0 young (0K), 0 survivors (0K)
 Metaspace       used 16313K, capacity 16621K, committed 17408K, reserved 1064960K
  class space    used 1448K, capacity 1539K, committed 1792K, reserved 1048576K
}
Event: 55948.504 GC heap before
{Heap before GC invocations=17 (full 14):
 garbage-first heap   total 131072K, used 9565K [0x0000000080000000, 0x0000000100000000)
  region size 1024K, 7 young (7168K), 0 survivors (0K)
 Metaspace       used 16313K, capacity 16621K, committed 17408K, reserved 1064960K
  class space    used 1448K, capacity 1539K, committed 1792K, reserved 1048576K
}
Event: 55948.510 GC heap after
{Heap after GC invocations=18 (full 15):
 garbage-first heap   total 131072K, used 3421K [0x0000000080000000, 0x0000000100000000)
  region size 1024K, 0 young (0K), 0 survivors (0K)
 Metaspace       used 16313K, capacity 16621K, committed 17408K, reserved 1064960K
  class space    used 1448K, capacity 1539K, committed 1792K, reserved 1048576K
}

